Start testing: Jul 08 16:44 PDT
----------------------------------------------------------
1/1 Testing: test
1/1 Test: test
Command: "/home/pranav/C++/Stealth/STest/build/test0"
Directory: /home/pranav/C++/Stealth/STest/build
"test" start time: Jul 08 16:44 PDT
Output:
----------------------------------------------------------
RUNNING TEST: all
	Test Case: doNothing
	Test Case: doNothingAgain
<end of output>
Test time =   0.00 sec
----------------------------------------------------------
Test Passed.
"test" end time: Jul 08 16:44 PDT
"test" time elapsed: 00:00:00
----------------------------------------------------------

End testing: Jul 08 16:44 PDT
